2023-08-21 05:24:21.419374 [debug]: url: /login
2023-08-21 05:24:21.422829 [debug]: mysql-pwd: e10adc3949ba59abbe56e057f20f883e
2023-08-21 05:24:21.422887 [debug]:  user-pwd: e10adc3949ba59abbe56e057f20f883e
2023-08-21 05:24:21.802535 [debug]: url: /myfiles?cmd=count
2023-08-21 05:24:21.821268 [debug]: url: /myfiles?cmd=count
2023-08-21 05:24:21.822220 [debug]: url: /myfiles?cmd=normal
2023-08-21 05:24:21.850614 [debug]: url: /myfiles?cmd=normal
2023-08-21 05:24:23.022678 [debug]: url: /sharefiles?cmd=count
2023-08-21 05:24:23.022766 [erro]: parse reg json failed 
2023-08-21 05:24:23.022790 [erro]: decodeCountJson failed
2023-08-21 05:27:51.980615 [debug]: url: /sharefiles?cmd=count
2023-08-21 05:31:56.159971 [debug]: url: /sharefiles?cmd=count
2023-08-21 05:31:56.180382 [debug]: url: /sharefiles?cmd=normal
2023-08-21 05:32:04.241575 [debug]: url: /myfiles?cmd=count
2023-08-21 05:32:04.265210 [debug]: url: /myfiles?cmd=normal
2023-08-21 05:32:09.841896 [debug]: url: /md5
2023-08-21 05:32:09.934142 [debug]: url: /upload
2023-08-21 05:32:10.365030 [debug]: url: /myfiles?cmd=count
2023-08-21 05:32:10.389683 [debug]: url: /myfiles?cmd=normal
2023-08-21 05:32:12.559366 [debug]: url: /dealfile?cmd=share
2023-08-21 05:32:14.371600 [debug]: url: /sharefiles?cmd=count
2023-08-21 05:32:14.413143 [debug]: url: /sharefiles?cmd=normal
2023-08-21 05:32:21.262671 [debug]: url: /sharefiles?cmd=count
2023-08-21 05:32:21.310394 [debug]: url: /sharefiles?cmd=normal
2023-08-21 05:32:21.857670 [debug]: url: /myfiles?cmd=count
2023-08-21 05:32:21.899305 [debug]: url: /myfiles?cmd=normal
2023-08-21 05:33:39.483804 [debug]: url: /sharefiles?cmd=count
2023-08-21 05:33:39.534406 [debug]: url: /sharefiles?cmd=normal
2023-08-21 05:33:40.850199 [debug]: url: /myfiles?cmd=count
2023-08-21 05:33:40.931970 [debug]: url: /myfiles?cmd=normal
2023-08-21 05:33:41.219221 [debug]: url: /sharefiles?cmd=count
2023-08-21 05:33:41.238185 [debug]: url: /sharefiles?cmd=normal
2023-08-21 05:33:42.554275 [debug]: url: /sharefiles?cmd=count
2023-08-21 05:33:42.572834 [debug]: url: /sharefiles?cmd=normal
2023-08-21 05:33:43.014829 [debug]: url: /myfiles?cmd=count
2023-08-21 05:33:43.031930 [debug]: url: /myfiles?cmd=normal
2023-08-21 05:34:12.151593 [debug]: url: /sharefiles?cmd=count
2023-08-21 05:34:12.168756 [debug]: url: /sharefiles?cmd=normal
2023-08-21 05:34:12.854875 [debug]: url: /myfiles?cmd=count
2023-08-21 05:34:12.873956 [debug]: url: /myfiles?cmd=normal
2023-08-21 05:34:16.166498 [debug]: url: /sharefiles?cmd=count
2023-08-21 05:34:16.211934 [debug]: url: /sharefiles?cmd=normal
2023-08-21 05:34:25.610400 [debug]: url: /myfiles?cmd=count
2023-08-21 05:34:25.639629 [debug]: url: /myfiles?cmd=normal
2023-08-21 05:34:26.111061 [debug]: url: /sharefiles?cmd=count
2023-08-21 05:34:26.150750 [debug]: url: /sharefiles?cmd=normal
2023-08-21 05:34:26.879511 [debug]: url: /myfiles?cmd=count
2023-08-21 05:34:26.926704 [debug]: url: /myfiles?cmd=normal
2023-08-21 05:34:27.367540 [debug]: url: /sharefiles?cmd=count
2023-08-21 05:34:27.414500 [debug]: url: /sharefiles?cmd=normal
2023-08-21 05:35:05.459231 [debug]: url: /sharefiles?cmd=count
2023-08-21 05:35:05.493136 [debug]: url: /sharefiles?cmd=normal
2023-08-21 05:35:05.843934 [debug]: url: /myfiles?cmd=count
2023-08-21 05:35:05.859975 [debug]: url: /myfiles?cmd=normal
2023-08-21 05:35:06.361958 [debug]: url: /sharefiles?cmd=count
2023-08-21 05:35:06.379551 [debug]: url: /sharefiles?cmd=normal
2023-08-21 05:35:07.162328 [debug]: url: /sharefiles?cmd=count
2023-08-21 05:35:07.179794 [debug]: url: /sharefiles?cmd=normal
2023-08-21 05:35:07.554247 [debug]: url: /myfiles?cmd=count
2023-08-21 05:35:07.590717 [debug]: url: /myfiles?cmd=normal
2023-08-21 05:35:08.009591 [debug]: url: /sharefiles?cmd=count
2023-08-21 05:35:08.046441 [debug]: url: /sharefiles?cmd=normal
2023-08-21 05:35:08.812952 [debug]: url: /sharefiles?cmd=count
2023-08-21 05:35:08.862992 [debug]: url: /sharefiles?cmd=normal
2023-08-21 05:35:09.136639 [debug]: url: /myfiles?cmd=count
2023-08-21 07:01:11.208538 [debug]: url: /sharefiles?cmd=count
2023-08-21 07:01:11.228135 [debug]: url: /sharefiles?cmd=normal
2023-08-21 07:02:20.868012 [debug]: url: /dealsharefile?cmd=cancel
2023-08-21 07:02:20.889142 [info]: 执行: hdel 操作失败
2023-08-21 07:02:35.202999 [debug]: url: /dealsharefile?cmd=cancel
2023-08-21 07:02:35.217624 [info]: 执行: hdel 操作失败
2023-08-21 07:03:38.326440 [debug]: url: /dealsharefile?cmd=cancel
2023-08-21 07:06:11.488129 [debug]: url: /login
2023-08-21 07:06:11.488822 [debug]: mysql-pwd: e10adc3949ba59abbe56e057f20f883e
2023-08-21 07:06:11.488866 [debug]:  user-pwd: e10adc3949ba59abbe56e057f20f883e
2023-08-21 07:06:11.557187 [debug]: url: /myfiles?cmd=count
2023-08-21 07:06:11.587783 [debug]: url: /myfiles?cmd=normal
2023-08-21 07:06:13.192383 [debug]: url: /myfiles?cmd=count
2023-08-21 07:06:13.214742 [debug]: url: /myfiles?cmd=normal
2023-08-21 07:06:13.382623 [debug]: url: /sharefiles?cmd=count
2023-08-21 07:06:13.401465 [debug]: url: /sharefiles?cmd=normal
2023-08-21 07:06:14.298788 [debug]: url: /myfiles?cmd=count
2023-08-21 07:06:14.363432 [debug]: url: /myfiles?cmd=normal
2023-08-21 07:06:14.607298 [debug]: url: /sharefiles?cmd=count
2023-08-21 07:06:14.625818 [debug]: url: /sharefiles?cmd=normal
2023-08-21 07:06:16.931489 [debug]: url: /myfiles?cmd=count
2023-08-21 07:06:17.093082 [debug]: url: /myfiles?cmd=normal
2023-08-21 07:06:18.417733 [debug]: url: /dealfile?cmd=share
2023-08-21 07:06:19.918354 [debug]: url: /sharefiles?cmd=count
2023-08-21 07:06:19.994780 [debug]: url: /sharefiles?cmd=normal
2023-08-21 07:09:53.195388 [debug]: url: /myfiles?cmd=count
2023-08-21 07:09:53.241361 [debug]: url: /myfiles?cmd=normal
2023-08-21 07:09:53.545409 [debug]: url: /sharefiles?cmd=count
2023-08-21 07:09:53.567784 [debug]: url: /sharefiles?cmd=normal
2023-08-21 07:09:54.532097 [debug]: url: /myfiles?cmd=count
2023-08-21 07:09:54.552243 [debug]: url: /myfiles?cmd=normal
2023-08-21 07:09:56.245867 [debug]: url: /dealfile?cmd=share
2023-08-21 07:09:57.921050 [debug]: url: /sharefiles?cmd=count
2023-08-21 07:09:58.146226 [debug]: url: /sharefiles?cmd=normal
2023-08-21 07:10:00.360820 [debug]: url: /dealsharefile?cmd=cancel
2023-08-21 07:10:01.404603 [debug]: url: /sharefiles?cmd=count
2023-08-21 07:10:01.430929 [debug]: url: /sharefiles?cmd=normal
2023-08-21 07:10:02.083898 [debug]: url: /myfiles?cmd=count
2023-08-21 07:10:02.103445 [debug]: url: /myfiles?cmd=normal
2023-08-21 07:10:02.485776 [debug]: url: /sharefiles?cmd=count
2023-08-21 07:10:02.503604 [debug]: url: /sharefiles?cmd=normal
2023-08-21 07:10:05.531855 [debug]: url: /myfiles?cmd=count
2023-08-21 07:10:05.553708 [debug]: url: /myfiles?cmd=normal
2023-08-21 07:10:06.975632 [debug]: url: /dealfile?cmd=share
2023-08-21 07:10:06.976550 [warn]: 别人已经分享此文件
2023-08-21 07:10:10.366872 [debug]: url: /sharefiles?cmd=count
2023-08-21 07:10:10.389341 [debug]: url: /sharefiles?cmd=normal
2023-08-21 07:10:11.144819 [debug]: url: /
2023-08-21 07:10:11.229023 [debug]: url: /myfiles?cmd=count
2023-08-21 07:10:11.307723 [debug]: url: /myfiles?cmd=normal
2023-08-21 07:10:12.229577 [debug]: url: /dealfile?cmd=share
2023-08-21 07:16:31.048338 [debug]: url: /dealfile?cmd=share
2023-08-21 07:16:32.803756 [debug]: url: /sharefiles?cmd=count
2023-08-21 07:16:32.825401 [debug]: url: /sharefiles?cmd=normal
2023-08-21 07:16:34.269639 [debug]: url: /dealsharefile?cmd=cancel
2023-08-21 07:16:34.282406 [info]: 执行: hdel 操作失败
2023-08-21 07:47:46.705766 [debug]: url: /myfiles?cmd=count
2023-08-21 07:47:46.705920 [erro]: VerifyToken failed
2023-08-21 07:47:47.981265 [debug]: url: /dealfile?cmd=share
2023-08-21 07:47:51.395997 [debug]: url: /dealfile?cmd=share
2023-08-21 07:47:52.147006 [debug]: url: /sharefiles?cmd=count
2023-08-21 07:47:52.181072 [debug]: url: /sharefiles?cmd=normal
2023-08-21 07:47:52.181198 [erro]: VerifyToken failed
2023-08-21 07:47:52.758291 [debug]: url: /myfiles?cmd=count
2023-08-21 07:47:52.759066 [erro]: VerifyToken failed
2023-08-21 07:48:04.321486 [debug]: url: /md5
2023-08-21 07:48:04.322382 [erro]: VerifyToken failed
2023-08-21 07:48:21.467554 [debug]: url: /myfiles?cmd=count
2023-08-21 07:48:21.468468 [erro]: VerifyToken failed
2023-08-21 07:48:23.883533 [debug]: url: /sharefiles?cmd=count
2023-08-21 07:48:23.939305 [debug]: url: /sharefiles?cmd=normal
2023-08-21 07:48:23.939737 [erro]: VerifyToken failed
2023-08-21 07:48:24.565638 [debug]: url: /myfiles?cmd=count
2023-08-21 07:48:24.566310 [erro]: VerifyToken failed
2023-08-21 07:48:38.128028 [debug]: url: /sharefiles?cmd=count
2023-08-21 07:48:38.204166 [debug]: url: /sharefiles?cmd=normal
2023-08-21 07:48:38.204580 [erro]: VerifyToken failed
2023-08-21 07:48:38.700133 [debug]: url: /myfiles?cmd=count
2023-08-21 07:48:38.700720 [erro]: VerifyToken failed
2023-08-21 07:48:40.153031 [debug]: url: /login
2023-08-21 07:48:40.154175 [debug]: mysql-pwd: e10adc3949ba59abbe56e057f20f883e
2023-08-21 07:48:40.154200 [debug]:  user-pwd: e10adc3949ba59abbe56e057f20f883e
2023-08-21 07:48:40.226031 [debug]: url: /myfiles?cmd=count
2023-08-21 07:48:40.288029 [debug]: url: /myfiles?cmd=normal
2023-08-21 07:48:41.253705 [debug]: url: /sharefiles?cmd=count
2023-08-21 07:48:41.297528 [debug]: url: /sharefiles?cmd=normal
2023-08-21 07:48:41.885176 [debug]: url: /myfiles?cmd=count
2023-08-21 07:48:41.904374 [debug]: url: /myfiles?cmd=normal
2023-08-21 07:48:42.367400 [debug]: url: /sharefiles?cmd=count
2023-08-21 07:48:42.386209 [debug]: url: /sharefiles?cmd=normal
2023-08-21 07:48:45.509941 [debug]: url: /myfiles?cmd=count
2023-08-21 07:48:45.566033 [debug]: url: /myfiles?cmd=normal
2023-08-21 07:48:48.424480 [debug]: url: /md5
2023-08-21 07:48:48.452480 [debug]: url: /upload
2023-08-21 07:48:48.549046 [debug]: url: /myfiles?cmd=count
2023-08-21 07:48:48.591777 [debug]: url: /myfiles?cmd=normal
2023-08-21 07:49:17.869523 [debug]: url: /dealfile?cmd=share
2023-08-21 07:49:19.816971 [debug]: url: /sharefiles?cmd=count
2023-08-21 07:49:19.849433 [debug]: url: /sharefiles?cmd=normal
2023-08-21 07:49:34.703541 [debug]: url: /myfiles?cmd=count
2023-08-21 07:49:34.725876 [debug]: url: /myfiles?cmd=normal
2023-08-21 07:49:37.060173 [debug]: url: /dealfile?cmd=share
2023-08-21 07:49:46.411473 [debug]: url: /dealfile?cmd=share
2023-08-21 07:49:46.412967 [warn]: 别人已经分享此文件
2023-08-21 07:49:49.210983 [debug]: url: /dealfile?cmd=share
2023-08-21 07:50:21.255876 [debug]: url: /sharefiles?cmd=count
2023-08-21 07:50:21.275719 [debug]: url: /sharefiles?cmd=normal
2023-08-21 07:50:22.389398 [debug]: url: /myfiles?cmd=count
2023-08-21 08:04:57.038121 [debug]: url: /dealfile?cmd=share
2023-08-21 08:04:57.038942 [warn]: 别人已经分享此文件
2023-08-21 08:04:59.068827 [debug]: url: /sharefiles?cmd=count
2023-08-21 08:04:59.089875 [debug]: url: /sharefiles?cmd=normal
2023-08-21 08:05:02.551898 [debug]: url: /myfiles?cmd=count
2023-08-21 08:05:02.579041 [debug]: url: /myfiles?cmd=normal
2023-08-21 08:05:04.198824 [debug]: url: /sharefiles?cmd=count
2023-08-21 08:05:04.217434 [debug]: url: /sharefiles?cmd=normal
2023-08-21 08:05:04.930032 [debug]: url: /myfiles?cmd=count
2023-08-21 08:05:04.950578 [debug]: url: /myfiles?cmd=normal
2023-08-21 08:05:06.345013 [debug]: url: /dealfile?cmd=share
2023-08-21 08:05:06.345805 [warn]: 别人已经分享此文件
2023-08-21 08:05:07.772136 [debug]: url: /sharefiles?cmd=count
2023-08-21 08:05:07.793373 [debug]: url: /sharefiles?cmd=normal
2023-08-21 08:05:08.577681 [debug]: url: /myfiles?cmd=count
2023-08-21 08:05:08.598446 [debug]: url: /myfiles?cmd=normal
2023-08-21 08:05:22.112166 [debug]: url: /sharefiles?cmd=count
2023-08-21 08:05:22.152613 [debug]: url: /sharefiles?cmd=normal
2023-08-21 08:06:30.612235 [debug]: url: /myfiles?cmd=count
2023-08-21 08:06:30.632453 [debug]: url: /myfiles?cmd=normal
2023-08-21 08:06:32.088756 [debug]: url: /dealfile?cmd=share
2023-08-21 08:06:32.089625 [warn]: 别人已经分享此文件
2023-08-21 08:06:33.867910 [debug]: url: /sharefiles?cmd=count
2023-08-21 08:06:33.962398 [debug]: url: /sharefiles?cmd=normal
2023-08-21 08:06:34.818210 [debug]: url: /myfiles?cmd=count
2023-08-21 08:06:34.838971 [debug]: url: /myfiles?cmd=normal
2023-08-21 08:06:42.364755 [debug]: url: /sharefiles?cmd=count
2023-08-21 08:06:42.385190 [debug]: url: /sharefiles?cmd=normal
2023-08-21 08:06:43.497508 [debug]: url: /myfiles?cmd=count
2023-08-21 08:06:43.518338 [debug]: url: /myfiles?cmd=normal
2023-08-21 08:06:59.391016 [debug]: url: /dealfile?cmd=del
2023-08-21 08:07:01.585633 [debug]: url: /sharefiles?cmd=count
2023-08-21 08:07:01.621200 [debug]: url: /sharefiles?cmd=normal
2023-08-21 08:07:02.089344 [debug]: url: /myfiles?cmd=count
2023-08-21 08:07:02.110081 [debug]: url: /myfiles?cmd=normal
2023-08-21 08:07:03.603747 [debug]: url: /sharefiles?cmd=count
2023-08-21 08:07:03.624521 [debug]: url: /sharefiles?cmd=normal
2023-08-21 08:07:04.549471 [debug]: url: /myfiles?cmd=count
2023-08-21 08:07:04.587014 [debug]: url: /myfiles?cmd=normal
2023-08-21 08:07:05.409760 [debug]: url: /sharefiles?cmd=count
2023-08-21 08:07:05.459170 [debug]: url: /sharefiles?cmd=normal
2023-08-21 08:07:07.067623 [debug]: url: /myfiles?cmd=count
2023-08-21 08:07:07.088132 [debug]: url: /myfiles?cmd=normal
2023-08-21 08:09:45.769994 [debug]: url: /sharefiles?cmd=count
2023-08-21 08:09:45.791984 [debug]: url: /sharefiles?cmd=normal
2023-08-21 08:09:47.801932 [debug]: url: /myfiles?cmd=count
2023-08-21 08:09:47.823185 [debug]: url: /myfiles?cmd=normal
2023-08-21 08:09:51.771732 [debug]: url: /md5
2023-08-21 08:09:51.806655 [debug]: url: /upload
2023-08-21 08:09:51.852789 [debug]: url: /myfiles?cmd=count
2023-08-21 08:09:51.880645 [debug]: url: /myfiles?cmd=normal
2023-08-21 08:09:55.218117 [debug]: url: /dealfile?cmd=share
2023-08-21 08:09:57.100099 [debug]: url: /sharefiles?cmd=count
2023-08-21 08:09:57.120035 [debug]: url: /sharefiles?cmd=normal
2023-08-21 08:09:59.486669 [debug]: url: /dealsharefile?cmd=cancel
2023-08-21 08:10:00.184547 [debug]: url: /sharefiles?cmd=count
2023-08-21 08:10:00.208078 [debug]: url: /sharefiles?cmd=normal
2023-08-21 08:10:02.122045 [debug]: url: /myfiles?cmd=count
2023-08-21 08:10:02.151474 [debug]: url: /myfiles?cmd=normal
2023-08-21 08:10:04.464665 [debug]: url: /dealfile?cmd=del
2023-08-21 08:10:06.492930 [debug]: url: /sharefiles?cmd=count
2023-08-21 08:10:06.519462 [debug]: url: /sharefiles?cmd=normal
2023-08-21 08:10:07.384104 [debug]: url: /myfiles?cmd=count
2023-08-21 08:10:07.427522 [debug]: url: /myfiles?cmd=normal
2023-08-21 08:10:07.892256 [debug]: url: /sharefiles?cmd=count
2023-08-21 08:10:07.910929 [debug]: url: /sharefiles?cmd=normal
2023-08-21 08:10:08.264013 [debug]: url: /myfiles?cmd=count
2023-08-21 08:10:08.298838 [debug]: url: /myfiles?cmd=normal
2023-08-21 08:10:18.508016 [debug]: url: /sharefiles?cmd=count
2023-08-21 08:10:18.554618 [debug]: url: /sharefiles?cmd=normal
2023-08-21 08:10:21.018005 [debug]: url: /dealsharefile?cmd=save
2023-08-21 08:10:24.334016 [debug]: url: /myfiles?cmd=count
2023-08-21 08:10:24.382262 [debug]: url: /myfiles?cmd=normal
2023-08-21 08:10:24.732375 [debug]: url: /sharefiles?cmd=count
2023-08-21 08:10:24.771618 [debug]: url: /sharefiles?cmd=normal
2023-08-21 08:28:05.414208 [debug]: url: /
2023-08-21 08:28:07.290048 [debug]: url: /HNAP1/
2023-08-21 08:33:05.890214 [debug]: url: /
2023-08-21 09:41:22.596837 [info]: request error 
2023-08-21 12:11:13.818739 [debug]: url: /
2023-08-21 12:42:46.379779 [debug]: url: /login
2023-08-21 12:42:46.380848 [debug]: mysql-pwd: e10adc3949ba59abbe56e057f20f883e
2023-08-21 12:42:46.380895 [debug]:  user-pwd: e10adc3949ba59abbe56e057f20f883e
2023-08-21 12:42:46.472318 [debug]: url: /myfiles?cmd=count
2023-08-21 13:08:46.512609 [debug]: url: /login
2023-08-21 13:08:46.515287 [debug]: mysql-pwd: e10adc3949ba59abbe56e057f20f883e
2023-08-21 13:08:46.515343 [debug]:  user-pwd: e10adc3949ba59abbe56e057f20f883e
2023-08-21 13:08:46.887935 [debug]: url: /myfiles?cmd=count
2023-08-21 13:08:46.905233 [debug]: url: /myfiles?cmd=count
2023-08-21 13:08:46.908840 [debug]: url: /myfiles?cmd=normal
2023-08-21 13:08:46.926792 [debug]: url: /myfiles?cmd=normal
2023-08-21 13:08:49.001648 [debug]: url: /dealfile?cmd=del
2023-08-21 13:08:51.209887 [debug]: url: /dealfile?cmd=del
2023-08-21 13:08:53.060578 [debug]: url: /dealfile?cmd=del
2023-08-21 13:08:54.954999 [debug]: url: /sharefiles?cmd=count
2023-08-21 13:08:54.975367 [debug]: url: /sharefiles?cmd=normal
2023-08-21 13:08:55.531086 [debug]: url: /myfiles?cmd=count
2023-08-21 13:09:03.213671 [debug]: url: /md5
2023-08-21 13:09:03.244506 [debug]: url: /upload
2023-08-21 13:09:03.353033 [debug]: url: /myfiles?cmd=count
2023-08-21 13:09:03.373503 [debug]: url: /myfiles?cmd=normal
2023-08-21 13:09:41.915093 [debug]: url: /myfiles?cmd=count
2023-08-21 13:09:41.934395 [debug]: url: /myfiles?cmd=normal
2023-08-21 13:09:46.345394 [debug]: url: /md5
2023-08-21 13:09:46.396814 [debug]: url: /upload
2023-08-21 13:09:46.439570 [debug]: url: /myfiles?cmd=count
2023-08-21 13:09:46.472814 [debug]: url: /myfiles?cmd=normal
2023-08-21 13:09:49.049663 [debug]: url: /dealfile?cmd=share
2023-08-21 13:09:50.582306 [debug]: url: /sharefiles?cmd=count
2023-08-21 13:09:50.601590 [debug]: url: /sharefiles?cmd=normal
2023-08-21 13:09:52.371603 [debug]: url: /myfiles?cmd=count
2023-08-21 13:09:52.391968 [debug]: url: /myfiles?cmd=normal
2023-08-21 13:10:04.893443 [debug]: url: /sharefiles?cmd=count
2023-08-21 13:10:04.920344 [debug]: url: /sharefiles?cmd=normal
2023-08-21 13:10:05.564039 [debug]: url: /myfiles?cmd=count
2023-08-21 13:10:05.584336 [debug]: url: /myfiles?cmd=normal
2023-08-21 13:10:07.722402 [debug]: url: /dealfile?cmd=share
2023-08-21 13:10:07.723464 [warn]: 别人已经分享此文件
2023-08-21 13:10:09.162566 [debug]: url: /sharefiles?cmd=count
2023-08-21 13:10:09.206666 [debug]: url: /sharefiles?cmd=normal
2023-08-21 13:10:09.820231 [debug]: url: /myfiles?cmd=count
2023-08-21 13:10:09.858036 [debug]: url: /myfiles?cmd=normal
2023-08-21 13:10:10.883842 [debug]: url: /sharefiles?cmd=count
2023-08-21 13:10:10.922826 [debug]: url: /sharefiles?cmd=normal
2023-08-21 13:10:12.382851 [debug]: url: /sharefiles?cmd=count
2023-08-21 13:10:12.406918 [debug]: url: /sharefiles?cmd=normal
2023-08-21 13:12:20.152442 [debug]: url: /sharefiles?cmd=count
2023-08-21 13:14:37.343963 [debug]: url: /sharefiles?cmd=count
2023-08-21 13:14:37.381424 [debug]: url: /sharefiles?cmd=normal
2023-08-21 13:15:27.803381 [debug]: url: /login
2023-08-21 13:15:27.804715 [debug]: mysql-pwd: e10adc3949ba59abbe56e057f20f883e
2023-08-21 13:15:27.804742 [debug]:  user-pwd: e10adc3949ba59abbe56e057f20f883e
2023-08-21 13:15:28.069651 [debug]: url: /myfiles?cmd=count
2023-08-21 13:15:28.080881 [debug]: url: /myfiles?cmd=count
2023-08-21 13:15:28.098899 [debug]: url: /myfiles?cmd=normal
2023-08-21 13:15:28.102010 [debug]: url: /myfiles?cmd=normal
2023-08-21 13:15:40.839125 [debug]: url: /md5
2023-08-21 13:15:50.008071 [debug]: url: /upload
2023-08-21 13:15:50.529972 [debug]: url: /myfiles?cmd=count
2023-08-21 13:15:50.577068 [debug]: url: /myfiles?cmd=normal
2023-08-21 13:16:00.274757 [debug]: url: /dealfile?cmd=share
2023-08-21 13:16:01.950221 [debug]: url: /sharefiles?cmd=count
2023-08-21 13:16:01.971410 [debug]: url: /sharefiles?cmd=normal
2023-08-21 13:19:08.527111 [debug]: url: /myfiles?cmd=count
2023-08-21 13:19:08.548800 [debug]: url: /myfiles?cmd=normal
2023-08-21 13:21:08.961131 [debug]: url: /myfiles?cmd=count
2023-08-21 13:21:08.990920 [debug]: url: /myfiles?cmd=normal
2023-08-21 13:21:16.383046 [debug]: url: /md5
2023-08-21 13:21:17.726071 [debug]: url: /upload
2023-08-21 13:21:17.836027 [debug]: url: /myfiles?cmd=count
2023-08-21 19:00:34.319680 [debug]: url: /dealfile?cmd=del
2023-08-21 19:00:36.542467 [debug]: url: /dealfile?cmd=del
2023-08-21 19:00:53.174529 [debug]: url: /myfiles?cmd=count
2023-08-21 19:00:53.199767 [debug]: url: /myfiles?cmd=normal
2023-08-21 19:00:58.462626 [debug]: url: /login
2023-08-21 19:00:58.463834 [debug]: mysql-pwd: e10adc3949ba59abbe56e057f20f883e
2023-08-21 19:00:58.463860 [debug]:  user-pwd: e10adc3949ba59abbe56e057f20f883e
2023-08-21 19:00:58.511050 [debug]: url: /myfiles?cmd=count
2023-08-21 19:00:58.537374 [debug]: url: /myfiles?cmd=normal
2023-08-21 19:01:00.026418 [debug]: url: /myfiles?cmd=count
2023-08-21 19:01:00.055370 [debug]: url: /myfiles?cmd=normal
2023-08-21 19:01:03.510045 [debug]: url: /md5
2023-08-21 19:01:04.353954 [debug]: url: /upload
2023-08-21 19:01:04.499972 [debug]: url: /myfiles?cmd=count
2023-08-21 19:01:04.523095 [debug]: url: /myfiles?cmd=normal
2023-08-21 19:03:27.741156 [debug]: url: /upload
2023-08-21 19:03:27.741248 [erro]: wrong no file_name!
2023-08-21 19:09:25.704247 [debug]: url: /login
2023-08-21 19:09:25.705373 [debug]: mysql-pwd: e10adc3949ba59abbe56e057f20f883e
2023-08-21 19:09:25.705397 [debug]:  user-pwd: e10adc3949ba59abbe56e057f20f883e
2023-08-21 19:09:26.030706 [debug]: url: /myfiles?cmd=count
2023-08-21 19:09:26.051435 [debug]: url: /myfiles?cmd=count
2023-08-21 19:09:26.052046 [debug]: url: /myfiles?cmd=normal
2023-08-21 19:09:26.078344 [debug]: url: /myfiles?cmd=normal
2023-08-21 19:09:34.445008 [debug]: url: /md5
2023-08-21 19:09:34.500580 [debug]: url: /upload
2023-08-21 19:09:34.556013 [debug]: url: /myfiles?cmd=count
2023-08-21 21:46:03.567233 [info]: request error 
2023-08-21 21:46:06.184766 [debug]: url: /dealfile?cmd=del
2023-08-21 21:46:46.634415 [debug]: url: /login
2023-08-21 21:46:46.710464 [debug]: mysql-pwd: e10adc3949ba59abbe56e057f20f883e
2023-08-21 21:46:46.710518 [debug]:  user-pwd: e10adc3949ba59abbe56e057f20f883e
2023-08-21 21:46:46.794876 [debug]: url: /myfiles?cmd=count
2023-08-21 21:46:46.869029 [debug]: url: /myfiles?cmd=normal
2023-08-21 21:46:48.257059 [debug]: url: /dealfile?cmd=del
2023-08-21 21:46:59.421275 [debug]: url: /dealfile?cmd=del
2023-08-21 21:47:03.784039 [debug]: url: /sharefiles?cmd=count
2023-08-21 21:47:03.807220 [debug]: url: /sharefiles?cmd=normal
2023-08-21 21:47:04.267364 [debug]: url: /myfiles?cmd=count
2023-08-21 21:47:04.294744 [debug]: url: /myfiles?cmd=normal
2023-08-21 21:47:24.567919 [debug]: url: /upload
2023-08-21 21:47:24.568004 [erro]: wrong no file_name!
2023-08-21 21:48:32.000470 [debug]: url: /myfiles?cmd=count
2023-08-21 21:48:32.022992 [debug]: url: /myfiles?cmd=normal
2023-08-21 21:48:39.527067 [debug]: url: /md5
2023-08-21 21:48:40.065902 [debug]: url: /upload
2023-08-21 21:48:40.245567 [erro]: upload failed
2023-08-21 21:48:40.245611 [erro]: uploadFileToFastDfs failed 
2023-08-21 21:52:28.583771 [debug]: url: /login
2023-08-21 21:52:28.610483 [debug]: mysql-pwd: e10adc3949ba59abbe56e057f20f883e
2023-08-21 21:52:28.610521 [debug]:  user-pwd: e10adc3949ba59abbe56e057f20f883e
2023-08-21 21:52:28.970892 [debug]: url: /myfiles?cmd=count
2023-08-21 21:52:28.992142 [debug]: url: /myfiles?cmd=count
2023-08-21 21:52:29.015654 [debug]: url: /myfiles?cmd=normal
2023-08-21 21:52:29.015826 [debug]: url: /myfiles?cmd=normal
2023-08-21 21:52:37.680815 [debug]: url: /md5
2023-08-21 21:52:37.776831 [debug]: url: /upload
2023-08-21 21:52:38.057666 [erro]: upload failed
2023-08-21 21:52:38.057731 [erro]: uploadFileToFastDfs failed 
2023-08-21 21:52:49.884796 [debug]: url: /myfiles?cmd=count
2023-08-21 21:52:49.951240 [debug]: url: /myfiles?cmd=normal
2023-08-21 21:53:52.879087 [debug]: url: /md5
2023-08-21 21:53:53.069338 [debug]: url: /upload
2023-08-21 21:53:53.464240 [erro]: upload failed
2023-08-21 21:53:53.464294 [erro]: uploadFileToFastDfs failed 
2023-08-21 21:54:34.025398 [debug]: url: /sharefiles?cmd=count
2023-08-21 21:54:34.095616 [debug]: url: /sharefiles?cmd=normal
2023-08-21 21:54:34.457461 [debug]: url: /myfiles?cmd=count
2023-08-21 21:54:34.503739 [debug]: url: /myfiles?cmd=normal
2023-08-21 21:54:35.941493 [debug]: url: /dealfile?cmd=del
2023-08-21 21:54:39.211166 [debug]: url: /dealfile?cmd=del
2023-08-21 21:54:55.710280 [debug]: url: /md5
2023-08-21 21:54:55.784297 [debug]: url: /upload
2023-08-21 21:54:56.024070 [erro]: upload failed
2023-08-21 21:54:56.024129 [erro]: uploadFileToFastDfs failed 
2023-08-21 21:56:06.001288 [debug]: url: /myfiles?cmd=count
2023-08-21 21:56:07.275289 [debug]: url: /login
2023-08-21 21:56:07.276257 [debug]: mysql-pwd: e10adc3949ba59abbe56e057f20f883e
2023-08-21 21:56:07.276282 [debug]:  user-pwd: e10adc3949ba59abbe56e057f20f883e
2023-08-21 21:56:07.344011 [debug]: url: /myfiles?cmd=count
2023-08-21 21:56:08.465769 [debug]: url: /sharefiles?cmd=count
2023-08-21 21:56:08.532643 [debug]: url: /sharefiles?cmd=normal
2023-08-21 21:56:08.903652 [debug]: url: /myfiles?cmd=count
2023-08-21 21:56:10.034771 [debug]: url: /sharefiles?cmd=count
2023-08-21 21:56:10.084638 [debug]: url: /sharefiles?cmd=normal
2023-08-21 21:56:10.354122 [debug]: url: /myfiles?cmd=count
2023-08-21 21:56:10.882293 [debug]: url: /sharefiles?cmd=count
2023-08-21 21:56:10.910247 [debug]: url: /sharefiles?cmd=normal
2023-08-21 21:56:11.206121 [debug]: url: /myfiles?cmd=count
2023-08-21 21:56:25.403827 [debug]: url: /md5
2023-08-21 21:56:25.549942 [debug]: url: /upload
2023-08-21 21:56:25.789056 [erro]: upload failed
2023-08-21 21:56:25.789119 [erro]: uploadFileToFastDfs failed 
2023-08-21 21:58:11.975838 [debug]: url: /upload
2023-08-21 21:58:11.975931 [erro]: wrong no file_name!
2023-08-21 23:28:42.729823 [info]: request error 
