2023-08-18 03:22:32.681796 [debug]: url: /login
2023-08-18 03:22:32.681843 [debug]: post data: {
    "pwd": "e10adc3949ba59abbe56e057f20f883e",
    "user": "zhangsan"
}

2023-08-18 03:22:32.685199 [debug]: mysql-pwd: e10adc3949ba59abbe56e057f20f883e
2023-08-18 03:22:32.685260 [debug]:  user-pwd: e10adc3949ba59abbe56e057f20f883e
2023-08-18 03:22:32.777812 [debug]: url: /login
2023-08-18 03:22:32.777896 [debug]: post data: {
    "pwd": "e10adc3949ba59abbe56e057f20f883e",
    "user": "zhangsan"
}

2023-08-18 03:22:32.778600 [debug]: mysql-pwd: e10adc3949ba59abbe56e057f20f883e
2023-08-18 03:22:32.778626 [debug]:  user-pwd: e10adc3949ba59abbe56e057f20f883e
2023-08-18 03:22:33.129592 [debug]: url: /login
2023-08-18 03:22:33.129667 [debug]: post data: {
    "pwd": "e10adc3949ba59abbe56e057f20f883e",
    "user": "zhangsan"
}

2023-08-18 03:22:33.130290 [debug]: mysql-pwd: e10adc3949ba59abbe56e057f20f883e
2023-08-18 03:22:33.130322 [debug]:  user-pwd: e10adc3949ba59abbe56e057f20f883e
2023-08-18 03:22:33.801503 [debug]: url: /login
2023-08-18 03:22:33.801556 [debug]: post data: {
    "pwd": "e10adc3949ba59abbe56e057f20f883e",
    "user": "zhangsan"
}

2023-08-18 03:22:33.802172 [debug]: mysql-pwd: e10adc3949ba59abbe56e057f20f883e
2023-08-18 03:22:33.802195 [debug]:  user-pwd: e10adc3949ba59abbe56e057f20f883e
2023-08-18 03:22:44.201277 [debug]: url: /login
2023-08-18 03:22:44.201347 [debug]: post data: {
    "pwd": "e10adc3949ba59abbe56e057f20f883e",
    "user": "zhangsan"
}

2023-08-18 03:22:44.201973 [debug]: mysql-pwd: e10adc3949ba59abbe56e057f20f883e
2023-08-18 03:22:44.201994 [debug]:  user-pwd: e10adc3949ba59abbe56e057f20f883e
2023-08-18 03:22:45.642570 [debug]: url: /myfiles?cmd=count
2023-08-18 03:22:45.642617 [debug]: post data: {
    "token": "ptnsnfwzqfjmafadrrwsofsbcnuvqhff",
    "user": "zhangsan"
}

2023-08-18 03:22:45.642771 [debug]: url: /myfiles?cmd=count
2023-08-18 03:22:45.642789 [debug]: post data: {
    "token": "ptnsnfwzqfjmafadrrwsofsbcnuvqhff",
    "user": "zhangsan"
}

2023-08-18 04:44:10.292179 [debug]: url: /sharefiles?cmd=count
2023-08-18 04:44:10.356811 [debug]: url: /sharefiles?cmd=normal
2023-08-18 04:44:10.356866 [debug]: post data: {
    "count": 1,
    "start": 0,
    "token": "ptnsnfwzqfjmafadrrwsofsbcnuvqhff",
    "user": "zhangsan"
}

2023-08-18 04:44:10.694101 [debug]: url: /myfiles?cmd=count
2023-08-18 04:44:10.694157 [debug]: post data: {
    "token": "ptnsnfwzqfjmafadrrwsofsbcnuvqhff",
    "user": "zhangsan"
}

2023-08-18 04:45:24.456396 [debug]: url: /login
2023-08-18 04:45:24.456473 [debug]: post data: {
    "pwd": "e10adc3949ba59abbe56e057f20f883e",
    "user": "zhangsan"
}

2023-08-18 04:45:24.457550 [debug]: mysql-pwd: e10adc3949ba59abbe56e057f20f883e
2023-08-18 04:45:24.457574 [debug]:  user-pwd: e10adc3949ba59abbe56e057f20f883e
2023-08-18 04:45:25.023603 [debug]: url: /myfiles?cmd=count
2023-08-18 04:45:25.023679 [debug]: post data: {
    "token": "nwlrbbmqbhcdarzowkkyhiddqscdxrjm",
    "user": "zhangsan"
}

2023-08-18 04:45:25.024129 [debug]: url: /myfiles?cmd=count
2023-08-18 04:45:25.024161 [debug]: post data: {
    "token": "nwlrbbmqbhcdarzowkkyhiddqscdxrjm",
    "user": "zhangsan"
}

2023-08-18 04:51:37.406222 [debug]: url: /login
2023-08-18 04:51:37.406275 [debug]: post data: {
    "pwd": "e10adc3949ba59abbe56e057f20f883e",
    "user": "zhangsan"
}

2023-08-18 04:51:37.407032 [debug]: mysql-pwd: e10adc3949ba59abbe56e057f20f883e
2023-08-18 04:51:37.407467 [debug]:  user-pwd: e10adc3949ba59abbe56e057f20f883e
2023-08-18 04:51:38.011060 [debug]: url: /myfiles?cmd=count
2023-08-18 04:51:38.011151 [debug]: post data: {
    "token": "nwlrbbmqbhcdarzowkkyhiddqscdxrjm",
    "user": "zhangsan"
}

2023-08-18 04:51:38.018328 [debug]: url: /myfiles?cmd=count
2023-08-18 04:51:38.018370 [debug]: post data: {
    "token": "nwlrbbmqbhcdarzowkkyhiddqscdxrjm",
    "user": "zhangsan"
}

2023-08-18 04:51:45.590782 [debug]: url: /md5
2023-08-18 04:51:45.590849 [debug]: post data: {
    "fileName": "111.rtf",
    "md5": "7d40c1bfeb24c8d8a64ed145ce774411",
    "token": "nwlrbbmqbhcdarzowkkyhiddqscdxrjm",
    "user": "zhangsan"
}

2023-08-18 04:51:45.590896 [erro]: filename null

2023-08-18 04:51:45.590904 [erro]: decodeMd5Json() err
2023-08-18 05:04:25.564259 [debug]: url: /login
2023-08-18 05:04:25.564293 [debug]: post data: {
    "pwd": "e10adc3949ba59abbe56e057f20f883e",
    "user": "zhangsan"
}

2023-08-18 05:04:25.567082 [debug]: mysql-pwd: e10adc3949ba59abbe56e057f20f883e
2023-08-18 05:04:25.567126 [debug]:  user-pwd: e10adc3949ba59abbe56e057f20f883e
2023-08-18 05:18:21.045102 [debug]: url: /login
2023-08-18 05:18:21.045146 [debug]: post data: {
    "pwd": "e10adc3949ba59abbe56e057f20f883e",
    "user": "zhangsan"
}

2023-08-18 05:18:21.045770 [debug]: mysql-pwd: e10adc3949ba59abbe56e057f20f883e
2023-08-18 05:18:21.045811 [debug]:  user-pwd: e10adc3949ba59abbe56e057f20f883e
2023-08-18 05:18:32.036872 [debug]: url: /login
2023-08-18 05:18:32.036929 [debug]: post data: {
    "pwd": "e10adc3949ba59abbe56e057f20f883e",
    "user": "zhangsan"
}

2023-08-18 05:18:32.037740 [debug]: mysql-pwd: e10adc3949ba59abbe56e057f20f883e
2023-08-18 05:18:32.037764 [debug]:  user-pwd: e10adc3949ba59abbe56e057f20f883e
2023-08-18 05:21:29.908454 [debug]: url: /login
2023-08-18 05:21:29.908524 [debug]: post data: {
    "pwd": "e10adc3949ba59abbe56e057f20f883e",
    "user": "zhangsan"
}

2023-08-18 05:21:29.909399 [debug]: mysql-pwd: e10adc3949ba59abbe56e057f20f883e
2023-08-18 05:21:29.909427 [debug]:  user-pwd: e10adc3949ba59abbe56e057f20f883e
2023-08-18 05:21:40.458390 [debug]: url: /md5
2023-08-18 05:21:40.458452 [debug]: post data: {
    "fileName": "111.rtf",
    "md5": "8274425de767b30b2fff1124ab54abb5",
    "token": "orellnmpapqfwkhopkmcoqhnwnkuewhs",
    "user": "zhangsan"
}

2023-08-18 05:21:40.458499 [erro]: filename null

2023-08-18 05:21:40.458511 [erro]: decodeMd5Json() err
2023-08-18 05:26:55.225480 [debug]: url: /login
2023-08-18 05:26:55.225544 [debug]: post data: {
    "pwd": "e10adc3949ba59abbe56e057f20f883e",
    "user": "zhangsan"
}

2023-08-18 05:26:55.226370 [debug]: mysql-pwd: e10adc3949ba59abbe56e057f20f883e
2023-08-18 05:26:55.226394 [debug]:  user-pwd: e10adc3949ba59abbe56e057f20f883e
2023-08-18 05:26:55.767494 [debug]: url: /login
2023-08-18 05:26:55.767549 [debug]: post data: {
    "pwd": "e10adc3949ba59abbe56e057f20f883e",
    "user": "zhangsan"
}

2023-08-18 05:26:55.768216 [debug]: mysql-pwd: e10adc3949ba59abbe56e057f20f883e
2023-08-18 05:26:55.768240 [debug]:  user-pwd: e10adc3949ba59abbe56e057f20f883e
2023-08-18 05:27:06.871421 [debug]: url: /md5
2023-08-18 05:27:06.871488 [debug]: post data: {
    "fileName": "111.rtf",
    "md5": "7d40c1bfeb24c8d8a64ed145ce774411",
    "token": "ptnsnfwzqfjmafadrrwsofsbcnuvqhff",
    "user": "zhangsan"
}

2023-08-18 05:27:06.871528 [erro]: filename null

2023-08-18 05:27:06.871534 [erro]: decodeMd5Json() err
2023-08-18 05:50:39.375860 [info]: request error 
2023-08-18 06:04:31.333073 [debug]: url: /login
2023-08-18 06:04:31.334467 [debug]: post data: {
    "pwd": "e10adc3949ba59abbe56e057f20f883e",
    "user": "zhangsan"
}

2023-08-18 06:04:31.571908 [debug]: mysql-pwd: e10adc3949ba59abbe56e057f20f883e
2023-08-18 06:04:31.571975 [debug]:  user-pwd: e10adc3949ba59abbe56e057f20f883e
2023-08-18 06:04:37.964917 [debug]: url: /md5
2023-08-18 06:04:37.964973 [debug]: post data: {
    "fileName": "111.rtf",
    "md5": "7d40c1bfeb24c8d8a64ed145ce774411",
    "token": "bsaqxwpqcacehchzvfrkmlnozjkpqpxr",
    "user": "zhangsan"
}

2023-08-18 06:04:37.965020 [erro]: filename null

2023-08-18 06:04:37.965027 [erro]: decodeMd5Json() err
2023-08-18 06:12:33.446177 [debug]: url: /login
2023-08-18 06:12:33.446238 [debug]: post data: {
    "pwd": "e10adc3949ba59abbe56e057f20f883e",
    "user": "zhangsan"
}

2023-08-18 06:12:33.447234 [debug]: mysql-pwd: e10adc3949ba59abbe56e057f20f883e
2023-08-18 06:12:33.447266 [debug]:  user-pwd: e10adc3949ba59abbe56e057f20f883e
2023-08-18 06:12:41.125504 [debug]: url: /md5
2023-08-18 06:12:41.125569 [debug]: post data: {
    "fileName": "111.rtf",
    "md5": "7d40c1bfeb24c8d8a64ed145ce774411",
    "token": "jxkitzyxacbhhkicqcoendtomfgdwdwf",
    "user": "zhangsan"
}

2023-08-18 06:12:41.125620 [erro]: filename null

2023-08-18 06:12:41.125628 [erro]: decodeMd5Json() err
2023-08-18 06:19:58.420436 [debug]: url: /login
2023-08-18 06:19:58.421731 [debug]: post data: {
    "pwd": "e10adc3949ba59abbe56e057f20f883e",
    "user": "zhangsan"
}

2023-08-18 06:19:58.422753 [debug]: mysql-pwd: e10adc3949ba59abbe56e057f20f883e
2023-08-18 06:19:58.422778 [debug]:  user-pwd: e10adc3949ba59abbe56e057f20f883e
2023-08-18 06:20:05.155177 [debug]: url: /md5
2023-08-18 06:20:05.155233 [debug]: post data: {
    "fileName": "111.rtf",
    "md5": "7d40c1bfeb24c8d8a64ed145ce774411",
    "token": "cgpxiqvkuytdlcgdewhtaciohordtqkv",
    "user": "zhangsan"
}

2023-08-18 06:20:05.155283 [erro]: filename null

2023-08-18 06:20:05.155292 [erro]: decodeMd5Json() err
2023-08-18 06:34:29.685324 [debug]: url: /login
2023-08-18 06:34:29.685400 [debug]: post data: {
    "pwd": "e10adc3949ba59abbe56e057f20f883e",
    "user": "zhangsan"
}

2023-08-18 06:34:29.813609 [debug]: mysql-pwd: e10adc3949ba59abbe56e057f20f883e
2023-08-18 06:34:29.813662 [debug]:  user-pwd: e10adc3949ba59abbe56e057f20f883e
2023-08-18 06:34:35.285834 [debug]: url: /md5
2023-08-18 06:34:35.285883 [debug]: post data: {
    "fileName": "111.rtf",
    "md5": "7d40c1bfeb24c8d8a64ed145ce774411",
    "token": "wcsgspqoqmsboaguwnnyqxnzlgdgwpbt",
    "user": "zhangsan"
}

2023-08-18 06:34:35.285928 [erro]: filename null

2023-08-18 06:34:35.285935 [erro]: decodeMd5Json() err
2023-08-18 06:37:15.845516 [debug]: url: /login
2023-08-18 06:37:15.845576 [debug]: post data: {
    "pwd": "e10adc3949ba59abbe56e057f20f883e",
    "user": "zhangsan"
}

2023-08-18 06:37:15.846517 [debug]: mysql-pwd: e10adc3949ba59abbe56e057f20f883e
2023-08-18 06:37:15.846558 [debug]:  user-pwd: e10adc3949ba59abbe56e057f20f883e
2023-08-18 06:37:21.539318 [debug]: url: /md5
2023-08-18 06:37:21.539389 [debug]: post data: {
    "fileName": "111.rtf",
    "md5": "7d40c1bfeb24c8d8a64ed145ce774411",
    "token": "rwblnsadeuguumoqcdrubetokyxhoach",
    "user": "zhangsan"
}

2023-08-18 06:37:21.539430 [erro]: filename null

2023-08-18 06:37:21.539438 [erro]: decodeMd5Json() err
2023-08-18 06:38:32.106395 [debug]: url: /login
2023-08-18 06:38:32.106459 [debug]: post data: {
    "pwd": "e10adc3949ba59abbe56e057f20f883e",
    "user": "zhangsan"
}

2023-08-18 21:11:01.446526 [debug]: url: /login
2023-08-18 21:11:01.446562 [debug]: post data: {
    "pwd": "e10adc3949ba59abbe56e057f20f883e",
    "user": "zhangsan"
}

2023-08-18 21:11:01.448455 [debug]: mysql-pwd: e10adc3949ba59abbe56e057f20f883e
2023-08-18 21:11:01.448494 [debug]:  user-pwd: e10adc3949ba59abbe56e057f20f883e
2023-08-18 21:11:01.530215 [debug]: url: /login
2023-08-18 21:11:01.530310 [debug]: post data: {
    "pwd": "e10adc3949ba59abbe56e057f20f883e",
    "user": "zhangsan"
}

2023-08-18 21:11:01.531221 [debug]: mysql-pwd: e10adc3949ba59abbe56e057f20f883e
2023-08-18 21:11:01.531246 [debug]:  user-pwd: e10adc3949ba59abbe56e057f20f883e
2023-08-18 21:11:01.582253 [debug]: url: /login
2023-08-18 21:11:01.582319 [debug]: post data: {
    "pwd": "e10adc3949ba59abbe56e057f20f883e",
    "user": "zhangsan"
}

2023-08-18 21:11:01.582891 [debug]: mysql-pwd: e10adc3949ba59abbe56e057f20f883e
2023-08-18 21:11:01.582924 [debug]:  user-pwd: e10adc3949ba59abbe56e057f20f883e
2023-08-18 21:11:01.634444 [debug]: url: /login
2023-08-18 21:11:01.634524 [debug]: post data: {
    "pwd": "e10adc3949ba59abbe56e057f20f883e",
    "user": "zhangsan"
}

2023-08-18 21:11:01.635096 [debug]: mysql-pwd: e10adc3949ba59abbe56e057f20f883e
2023-08-18 21:11:01.635128 [debug]:  user-pwd: e10adc3949ba59abbe56e057f20f883e
2023-08-18 21:11:55.196626 [debug]: url: /login
2023-08-18 21:11:55.196678 [debug]: post data: {
    "pwd": "e10adc3949ba59abbe56e057f20f883e",
    "user": "zhangsan"
}

2023-08-18 21:11:55.197438 [debug]: mysql-pwd: e10adc3949ba59abbe56e057f20f883e
2023-08-18 21:11:55.197460 [debug]:  user-pwd: e10adc3949ba59abbe56e057f20f883e
2023-08-18 21:12:12.837571 [debug]: url: /md5
2023-08-18 21:12:12.837629 [debug]: post data: {
    "fileName": "111.rtf",
    "md5": "7d40c1bfeb24c8d8a64ed145ce774411",
    "token": "ptnsnfwzqfjmafadrrwsofsbcnuvqhff",
    "user": "zhangsan"
}

2023-08-18 21:12:12.837674 [erro]: filename null

2023-08-18 21:12:12.837682 [erro]: decodeMd5Json() err
2023-08-18 21:17:46.282047 [debug]: url: /login
2023-08-18 21:17:46.282123 [debug]: post data: {
    "pwd": "e10adc3949ba59abbe56e057f20f883e",
    "user": "zhangsan"
}

2023-08-18 21:17:46.282913 [debug]: mysql-pwd: e10adc3949ba59abbe56e057f20f883e
2023-08-18 21:17:46.282936 [debug]:  user-pwd: e10adc3949ba59abbe56e057f20f883e
2023-08-18 21:17:53.366727 [debug]: url: /md5
2023-08-18 21:17:53.366778 [debug]: post data: {
    "fileName": "111.rtf",
    "md5": "7d40c1bfeb24c8d8a64ed145ce774411",
    "token": "bsaqxwpqcacehchzvfrkmlnozjkpqpxr",
    "user": "zhangsan"
}

2023-08-18 21:17:53.366819 [erro]: filename null

2023-08-18 21:17:53.366826 [erro]: decodeMd5Json() err
2023-08-18 21:44:21.610429 [debug]: url: /login
2023-08-18 21:44:21.610510 [debug]: post data: {
    "pwd": "e10adc3949ba59abbe56e057f20f883e",
    "user": "zhangsan"
}

2023-08-18 21:44:21.611501 [debug]: mysql-pwd: e10adc3949ba59abbe56e057f20f883e
2023-08-18 21:44:21.611526 [debug]:  user-pwd: e10adc3949ba59abbe56e057f20f883e
2023-08-18 21:44:27.269721 [debug]: url: /md5
2023-08-18 21:44:27.269776 [debug]: post data: {
    "fileName": "111.rtf",
    "md5": "f62a1153ee395d8a731472725d0edd58",
    "token": "jxkitzyxacbhhkicqcoendtomfgdwdwf",
    "user": "zhangsan"
}

2023-08-18 21:44:27.269815 [erro]: filename null

2023-08-18 21:44:27.269822 [erro]: decodeMd5Json() err
2023-08-18 21:46:53.243246 [debug]: url: /login
2023-08-18 21:46:53.243328 [debug]: post data: {
    "pwd": "e10adc3949ba59abbe56e057f20f883e",
    "user": "zhangsan"
}

2023-08-18 21:46:53.244218 [debug]: mysql-pwd: e10adc3949ba59abbe56e057f20f883e
2023-08-18 21:46:53.244250 [debug]:  user-pwd: e10adc3949ba59abbe56e057f20f883e
2023-08-18 21:46:59.973994 [debug]: url: /md5
2023-08-18 21:46:59.974077 [debug]: post data: {
    "fileName": "111.rtf",
    "md5": "f62a1153ee395d8a731472725d0edd58",
    "token": "cgpxiqvkuytdlcgdewhtaciohordtqkv",
    "user": "zhangsan"
}

2023-08-18 21:46:59.974140 [erro]: filename null

2023-08-18 21:46:59.974151 [erro]: decodeMd5Json() err
2023-08-18 21:47:33.987266 [debug]: url: /login
2023-08-18 21:47:33.987339 [debug]: post data: {
    "pwd": "e10adc3949ba59abbe56e057f20f883e",
    "user": "zhangsan"
}

2023-08-18 21:47:33.988131 [debug]: mysql-pwd: e10adc3949ba59abbe56e057f20f883e
2023-08-18 21:47:33.988155 [debug]:  user-pwd: e10adc3949ba59abbe56e057f20f883e
2023-08-18 21:56:49.873188 [debug]: url: /login
2023-08-18 21:56:49.873236 [debug]: post data: {
    "pwd": "e10adc3949ba59abbe56e057f20f883e",
    "user": "zhangsan"
}

2023-08-18 21:56:49.873960 [debug]: mysql-pwd: e10adc3949ba59abbe56e057f20f883e
2023-08-18 21:56:49.873997 [debug]:  user-pwd: e10adc3949ba59abbe56e057f20f883e
2023-08-18 21:57:03.545563 [debug]: url: /md5
2023-08-18 21:57:03.545617 [debug]: post data: {
    "fileName": "111.rtf",
    "md5": "f62a1153ee395d8a731472725d0edd58",
    "token": "nwlrbbmqbhcdarzowkkyhiddqscdxrjm",
    "user": "zhangsan"
}

2023-08-18 21:57:03.545664 [erro]: filename null

2023-08-18 21:57:03.545676 [erro]: decodeMd5Json() err
2023-08-18 22:00:50.561498 [debug]: url: /login
2023-08-18 22:00:50.561575 [debug]: post data: {
    "pwd": "e10adc3949ba59abbe56e057f20f883e",
    "user": "zhangsan"
}

2023-08-18 22:00:50.562376 [debug]: mysql-pwd: e10adc3949ba59abbe56e057f20f883e
2023-08-18 22:00:50.562399 [debug]:  user-pwd: e10adc3949ba59abbe56e057f20f883e
2023-08-18 22:00:56.685765 [debug]: url: /md5
2023-08-18 22:00:56.685821 [debug]: post data: {
    "fileName": "111.rtf",
    "md5": "f62a1153ee395d8a731472725d0edd58",
    "token": "owfrxsjybldbefsarcbynecdyggxxpkl",
    "user": "zhangsan"
}

2023-08-18 22:00:56.685864 [erro]: filename null

2023-08-18 22:00:56.685875 [erro]: decodeMd5Json() err
2023-08-18 22:08:32.497647 [debug]: url: /login
2023-08-18 22:08:32.497725 [debug]: post data: {
    "pwd": "e10adc3949ba59abbe56e057f20f883e",
    "user": "zhangsan"
}

2023-08-18 22:08:32.498499 [debug]: mysql-pwd: e10adc3949ba59abbe56e057f20f883e
2023-08-18 22:08:32.498531 [debug]:  user-pwd: e10adc3949ba59abbe56e057f20f883e
2023-08-18 22:08:37.281988 [debug]: url: /md5
2023-08-18 22:08:37.282037 [debug]: post data: {
    "fileName": "111.rtf",
    "md5": "f62a1153ee395d8a731472725d0edd58",
    "token": "orellnmpapqfwkhopkmcoqhnwnkuewhs",
    "user": "zhangsan"
}

2023-08-18 22:08:37.282078 [erro]: filename null

2023-08-18 22:08:37.282085 [erro]: decodeMd5Json() err
2023-08-18 22:11:15.023980 [debug]: url: /login
2023-08-18 22:11:15.024047 [debug]: post data: {
    "pwd": "e10adc3949ba59abbe56e057f20f883e",
    "user": "zhangsan"
}

2023-08-18 22:11:15.024879 [debug]: mysql-pwd: e10adc3949ba59abbe56e057f20f883e
2023-08-18 22:11:15.024903 [debug]:  user-pwd: e10adc3949ba59abbe56e057f20f883e
2023-08-18 22:48:51.342725 [debug]: url: /login
2023-08-18 22:48:51.342759 [debug]: post data: {
    "pwd": "e10adc3949ba59abbe56e057f20f883e",
    "user": "zhangsan"
}

2023-08-18 22:48:51.343617 [debug]: mysql-pwd: e10adc3949ba59abbe56e057f20f883e
2023-08-18 22:48:51.343655 [debug]:  user-pwd: e10adc3949ba59abbe56e057f20f883e
2023-08-18 23:38:03.422404 [debug]: url: /login
2023-08-18 23:38:03.422431 [debug]: post data: {
    "pwd": "e10adc3949ba59abbe56e057f20f883e",
    "user": "zhangsan"
}

2023-08-18 23:38:03.423269 [debug]: mysql-pwd: e10adc3949ba59abbe56e057f20f883e
2023-08-18 23:38:03.423307 [debug]:  user-pwd: e10adc3949ba59abbe56e057f20f883e
